[DEBUG|rest.py:30] 2020-05-27 22:52:43,833 (<module>) 로그인 시도
[DEBUG|SyncRequestDecorator.py:11] 2020-05-27 22:52:43,834 (func_wrapper) 초기 요청 준비
[DEBUG|SyncRequestDecorator.py:15] 2020-05-27 22:52:43,834 (func_wrapper) 요청 실행: kiwoom_CommConnect () {}
[DEBUG|SyncRequestDecorator.py:25] 2020-05-27 22:52:54,945 (func_wrapper) 요청 콜백: kiwoom_OnEventConnect (0,) {}
[DEBUG|kiwoom.py:85] 2020-05-27 22:52:54,945 (kiwoom_OnEventConnect) 로그인 성공
[DEBUG|rest.py:39] 2020-05-27 22:52:54,948 (<module>) Your accounts:
[DEBUG|rest.py:41] 2020-05-27 22:52:54,948 (<module>) 8137083211
[DEBUG|rest.py:47] 2020-05-27 22:52:54,955 (<module>) RESTful api server started at port 5000
[DEBUG|rest.py:30] 2020-05-27 22:55:53,332 (<module>) 로그인 시도
[DEBUG|SyncRequestDecorator.py:11] 2020-05-27 22:55:53,332 (func_wrapper) 초기 요청 준비
[DEBUG|SyncRequestDecorator.py:15] 2020-05-27 22:55:53,332 (func_wrapper) 요청 실행: kiwoom_CommConnect () {}
[DEBUG|SyncRequestDecorator.py:25] 2020-05-27 22:56:01,883 (func_wrapper) 요청 콜백: kiwoom_OnEventConnect (0,) {}
[DEBUG|kiwoom.py:85] 2020-05-27 22:56:01,883 (kiwoom_OnEventConnect) 로그인 성공
[DEBUG|rest.py:39] 2020-05-27 22:56:01,883 (<module>) Your accounts:
[DEBUG|rest.py:41] 2020-05-27 22:56:01,883 (<module>) 8137083211
[DEBUG|rest.py:47] 2020-05-27 22:56:01,887 (<module>) RESTful api server started at port 5000
[DEBUG|rest.py:30] 2020-05-27 22:57:06,219 (<module>) 로그인 시도
[DEBUG|SyncRequestDecorator.py:11] 2020-05-27 22:57:06,220 (func_wrapper) 초기 요청 준비
[DEBUG|SyncRequestDecorator.py:15] 2020-05-27 22:57:06,220 (func_wrapper) 요청 실행: kiwoom_CommConnect () {}
[DEBUG|SyncRequestDecorator.py:25] 2020-05-27 22:57:17,241 (func_wrapper) 요청 콜백: kiwoom_OnEventConnect (0,) {}
[DEBUG|kiwoom.py:85] 2020-05-27 22:57:17,241 (kiwoom_OnEventConnect) 로그인 성공
[DEBUG|rest.py:39] 2020-05-27 22:57:17,241 (<module>) Your accounts:
[DEBUG|rest.py:41] 2020-05-27 22:57:17,241 (<module>) 8137083211
[DEBUG|rest.py:47] 2020-05-27 22:57:17,245 (<module>) RESTful api server started at port 5000
[DEBUG|rest.py:30] 2020-05-27 23:00:20,304 (<module>) 로그인 시도
[DEBUG|SyncRequestDecorator.py:11] 2020-05-27 23:00:20,304 (func_wrapper) 초기 요청 준비
[DEBUG|SyncRequestDecorator.py:15] 2020-05-27 23:00:20,304 (func_wrapper) 요청 실행: kiwoom_CommConnect () {}
[DEBUG|SyncRequestDecorator.py:25] 2020-05-27 23:00:29,727 (func_wrapper) 요청 콜백: kiwoom_OnEventConnect (0,) {}
[DEBUG|kiwoom.py:85] 2020-05-27 23:00:29,727 (kiwoom_OnEventConnect) 로그인 성공
[DEBUG|rest.py:39] 2020-05-27 23:00:29,727 (<module>) Your accounts:
[DEBUG|rest.py:41] 2020-05-27 23:00:29,727 (<module>) 8137083211
[DEBUG|rest.py:47] 2020-05-27 23:00:29,731 (<module>) RESTful api server started at port 5000
[DEBUG|AccountHandler.py:24] 2020-05-27 23:00:44,494 (get) BalanceHandler: incoming
[DEBUG|rest.py:30] 2020-05-27 23:06:17,244 (<module>) 로그인 시도
[DEBUG|SyncRequestDecorator.py:11] 2020-05-27 23:06:17,244 (func_wrapper) 초기 요청 준비
[DEBUG|SyncRequestDecorator.py:15] 2020-05-27 23:06:17,244 (func_wrapper) 요청 실행: kiwoom_CommConnect () {}
[DEBUG|SyncRequestDecorator.py:25] 2020-05-27 23:06:25,226 (func_wrapper) 요청 콜백: kiwoom_OnEventConnect (0,) {}
[DEBUG|kiwoom.py:85] 2020-05-27 23:06:25,226 (kiwoom_OnEventConnect) 로그인 성공
[DEBUG|rest.py:39] 2020-05-27 23:06:25,226 (<module>) Your accounts:
[DEBUG|rest.py:41] 2020-05-27 23:06:25,226 (<module>) 8137083211
[DEBUG|rest.py:47] 2020-05-27 23:06:25,230 (<module>) RESTful api server started at port 5000
[DEBUG|AccountHandler.py:26] 2020-05-27 23:06:40,079 (get) BalanceHandler: incoming
[DEBUG|rest.py:30] 2020-05-27 23:08:11,507 (<module>) 로그인 시도
[DEBUG|SyncRequestDecorator.py:11] 2020-05-27 23:08:11,507 (func_wrapper) 초기 요청 준비
[DEBUG|SyncRequestDecorator.py:15] 2020-05-27 23:08:11,508 (func_wrapper) 요청 실행: kiwoom_CommConnect () {}
[DEBUG|SyncRequestDecorator.py:25] 2020-05-27 23:08:19,249 (func_wrapper) 요청 콜백: kiwoom_OnEventConnect (0,) {}
[DEBUG|kiwoom.py:85] 2020-05-27 23:08:19,250 (kiwoom_OnEventConnect) 로그인 성공
[DEBUG|rest.py:39] 2020-05-27 23:08:19,250 (<module>) Your accounts:
[DEBUG|rest.py:41] 2020-05-27 23:08:19,250 (<module>) 8137083211
[DEBUG|rest.py:47] 2020-05-27 23:08:19,253 (<module>) RESTful api server started at port 5000
[DEBUG|AccountHandler.py:26] 2020-05-27 23:08:26,941 (get) BalanceHandler: incoming
[DEBUG|rest.py:30] 2020-05-27 23:08:53,072 (<module>) 로그인 시도
[DEBUG|SyncRequestDecorator.py:11] 2020-05-27 23:08:53,073 (func_wrapper) 초기 요청 준비
[DEBUG|SyncRequestDecorator.py:15] 2020-05-27 23:08:53,073 (func_wrapper) 요청 실행: kiwoom_CommConnect () {}
[DEBUG|SyncRequestDecorator.py:25] 2020-05-27 23:09:00,335 (func_wrapper) 요청 콜백: kiwoom_OnEventConnect (0,) {}
[DEBUG|kiwoom.py:85] 2020-05-27 23:09:00,335 (kiwoom_OnEventConnect) 로그인 성공
[DEBUG|rest.py:39] 2020-05-27 23:09:00,335 (<module>) Your accounts:
[DEBUG|rest.py:41] 2020-05-27 23:09:00,336 (<module>) 8137083211
[DEBUG|rest.py:47] 2020-05-27 23:09:00,340 (<module>) RESTful api server started at port 5000
[DEBUG|AccountHandler.py:26] 2020-05-27 23:09:43,530 (get) BalanceHandler: incoming
[DEBUG|rest.py:30] 2020-05-27 23:10:20,256 (<module>) 로그인 시도
[DEBUG|SyncRequestDecorator.py:11] 2020-05-27 23:10:20,256 (func_wrapper) 초기 요청 준비
[DEBUG|SyncRequestDecorator.py:15] 2020-05-27 23:10:20,256 (func_wrapper) 요청 실행: kiwoom_CommConnect () {}
[DEBUG|SyncRequestDecorator.py:25] 2020-05-27 23:10:27,513 (func_wrapper) 요청 콜백: kiwoom_OnEventConnect (0,) {}
[DEBUG|kiwoom.py:85] 2020-05-27 23:10:27,513 (kiwoom_OnEventConnect) 로그인 성공
[DEBUG|rest.py:39] 2020-05-27 23:10:27,513 (<module>) Your accounts:
[DEBUG|rest.py:41] 2020-05-27 23:10:27,513 (<module>) 8137083211
[DEBUG|rest.py:47] 2020-05-27 23:10:27,518 (<module>) RESTful api server started at port 5000
[DEBUG|AccountHandler.py:26] 2020-05-27 23:10:31,834 (get) BalanceHandler: incoming
[DEBUG|SyncRequestDecorator.py:11] 2020-05-27 23:10:31,834 (func_wrapper) 초기 요청 준비
[DEBUG|SyncRequestDecorator.py:15] 2020-05-27 23:10:31,834 (func_wrapper) 요청 실행: kiwoom_tr_account_balance ('8137083211', '1000') {}
[DEBUG|rest.py:30] 2020-05-27 23:11:10,959 (<module>) 로그인 시도
[DEBUG|SyncRequestDecorator.py:11] 2020-05-27 23:11:10,960 (func_wrapper) 초기 요청 준비
[DEBUG|SyncRequestDecorator.py:15] 2020-05-27 23:11:10,960 (func_wrapper) 요청 실행: kiwoom_CommConnect () {}
[DEBUG|SyncRequestDecorator.py:25] 2020-05-27 23:11:15,244 (func_wrapper) 요청 콜백: kiwoom_OnEventConnect (0,) {}
[DEBUG|kiwoom.py:85] 2020-05-27 23:11:15,244 (kiwoom_OnEventConnect) 로그인 성공
[DEBUG|rest.py:39] 2020-05-27 23:11:15,244 (<module>) Your accounts:
[DEBUG|rest.py:41] 2020-05-27 23:11:15,244 (<module>) 8137083211
[DEBUG|rest.py:47] 2020-05-27 23:11:15,249 (<module>) RESTful api server started at port 5000
[DEBUG|AccountHandler.py:26] 2020-05-27 23:11:21,851 (get) BalanceHandler: incoming
[DEBUG|SyncRequestDecorator.py:11] 2020-05-27 23:11:21,851 (func_wrapper) 초기 요청 준비
[DEBUG|SyncRequestDecorator.py:15] 2020-05-27 23:11:21,852 (func_wrapper) 요청 실행: kiwoom_tr_account_balance ('8137083211', '1000') {}
[DEBUG|SyncRequestDecorator.py:25] 2020-05-27 23:11:22,773 (func_wrapper) 요청 콜백: kiwoom_OnReceiveTrData ('1000', '예수금상세현황요청', 'opw00001', '', '', 0, '', '', '') {}
[DEBUG|rest.py:30] 2020-05-27 23:12:38,019 (<module>) 로그인 시도
[DEBUG|SyncRequestDecorator.py:11] 2020-05-27 23:12:38,019 (func_wrapper) 초기 요청 준비
[DEBUG|SyncRequestDecorator.py:15] 2020-05-27 23:12:38,020 (func_wrapper) 요청 실행: kiwoom_CommConnect () {}
[DEBUG|SyncRequestDecorator.py:25] 2020-05-27 23:12:42,813 (func_wrapper) 요청 콜백: kiwoom_OnEventConnect (0,) {}
[DEBUG|kiwoom.py:85] 2020-05-27 23:12:42,814 (kiwoom_OnEventConnect) 로그인 성공
[DEBUG|rest.py:39] 2020-05-27 23:12:42,814 (<module>) Your accounts:
[DEBUG|rest.py:41] 2020-05-27 23:12:42,814 (<module>) 8137083211
[DEBUG|rest.py:47] 2020-05-27 23:12:42,818 (<module>) RESTful api server started at port 5000
[DEBUG|AccountHandler.py:26] 2020-05-27 23:12:50,276 (get) BalanceHandler: incoming
[DEBUG|SyncRequestDecorator.py:11] 2020-05-27 23:12:50,276 (func_wrapper) 초기 요청 준비
[DEBUG|SyncRequestDecorator.py:15] 2020-05-27 23:12:50,276 (func_wrapper) 요청 실행: kiwoom_tr_account_balance ('8137083211', '1000') {}
[DEBUG|SyncRequestDecorator.py:25] 2020-05-27 23:12:52,163 (func_wrapper) 요청 콜백: kiwoom_OnReceiveTrData ('1000', '예수금상세현황요청', 'opw00001', '', '', 0, '', '', '') {}
[DEBUG|kiwoom.py:177] 2020-05-27 23:12:52,167 (kiwoom_OnReceiveTrData) 예수금상세현황요청: 10000000
[DEBUG|AccountHandler.py:39] 2020-05-27 23:12:52,168 (get) Response to client:
[DEBUG|AccountHandler.py:40] 2020-05-27 23:12:52,169 (get) {'cash': 10000000}
